<?xml version="1.0" encoding="UTF-8"?>
<!-- Generated by org.testng.reporters.JUnitReportReporter -->
<testsuite skipped="0" hostname="DESKTOP-A522TDA" name="com.cjc.webpage.flip.test.Test" tests="1" failures="0" timestamp="2022-06-27T13:30:26 IST" time="12.185" errors="0">
  <testcase name="test" time="12.185" classname="com.cjc.webpage.flip.test.Test"/>
  <system-out/>
</testsuite> <!-- com.cjc.webpage.flip.test.Test -->
